Jan 26 2018 20:14:28
{"Number":2,"Message":"unlink(\/var\/www\/html\/wp-content\/plugins\/all-in-one-wp-migration\/storage\/ja4n0ws21cq4\/export.log): No such file or directory","File":"\/var\/www\/html\/wp-content\/plugins\/all-in-one-wp-migration\/lib\/vendor\/servmask\/filesystem\/class-ai1wm-directory.php","Line":49}

Jan 26 2018 20:14:28
{"Number":2,"Message":"unlink(\/var\/www\/html\/wp-content\/plugins\/all-in-one-wp-migration\/storage\/ja4n0ws21cq4\/filemap.list): No such file or directory","File":"\/var\/www\/html\/wp-content\/plugins\/all-in-one-wp-migration\/lib\/vendor\/servmask\/filesystem\/class-ai1wm-directory.php","Line":49}

Jan 26 2018 20:14:28
{"Number":2,"Message":"unlink(\/var\/www\/html\/wp-content\/plugins\/all-in-one-wp-migration\/storage\/ja4n0ws21cq4\/localhost-20180126-201412-793.wpress): No such file or directory","File":"\/var\/www\/html\/wp-content\/plugins\/all-in-one-wp-migration\/lib\/vendor\/servmask\/filesystem\/class-ai1wm-directory.php","Line":49}

Jan 26 2018 20:14:28
{"Number":2,"Message":"unlink(\/var\/www\/html\/wp-content\/plugins\/all-in-one-wp-migration\/storage\/ja4n0ws21cq4\/package.json): No such file or directory","File":"\/var\/www\/html\/wp-content\/plugins\/all-in-one-wp-migration\/lib\/vendor\/servmask\/filesystem\/class-ai1wm-directory.php","Line":49}

Jan 26 2018 20:14:28
{"Number":2,"Message":"rmdir(\/var\/www\/html\/wp-content\/plugins\/all-in-one-wp-migration\/storage\/ja4n0ws21cq4): No such file or directory","File":"\/var\/www\/html\/wp-content\/plugins\/all-in-one-wp-migration\/lib\/vendor\/servmask\/filesystem\/class-ai1wm-directory.php","Line":54}

Jan 26 2018 20:14:31
{"Number":2,"Message":"rmdir(\/var\/www\/html\/wp-content\/plugins\/all-in-one-wp-migration\/storage\/ja4n0ws21cq4): No such file or directory","File":"\/var\/www\/html\/wp-content\/plugins\/all-in-one-wp-migration\/lib\/vendor\/servmask\/filesystem\/class-ai1wm-directory.php","Line":54}

Jan 26 2018 20:14:32
{"Number":2,"Message":"mkdir(): File exists","File":"\/var\/www\/html\/wp-content\/plugins\/all-in-one-wp-migration\/functions.php","Line":40}

Jan 26 2018 20:14:32
{"type":2,"message":"RecursiveDirectoryIterator::__construct(\/var\/www\/html\/wp-content\/plugins\/all-in-one-wp-migration\/storage\/ja4n0ws21cq4): failed to open dir: No such file or directory","file":"\/var\/www\/html\/wp-content\/plugins\/all-in-one-wp-migration\/lib\/vendor\/servmask\/iterator\/class-ai1wm-recursive-directory-iterator.php","line":31}

Jan 26 2018 20:14:35
{"Number":2,"Message":"unlink(\/var\/www\/html\/wp-content\/plugins\/all-in-one-wp-migration\/storage\/ja4n0ws21cq4\/export.log): No such file or directory","File":"\/var\/www\/html\/wp-content\/plugins\/all-in-one-wp-migration\/lib\/vendor\/servmask\/filesystem\/class-ai1wm-directory.php","Line":49}

Jan 26 2018 20:14:35
{"Number":2,"Message":"rmdir(\/var\/www\/html\/wp-content\/plugins\/all-in-one-wp-migration\/storage\/ja4n0ws21cq4): No such file or directory","File":"\/var\/www\/html\/wp-content\/plugins\/all-in-one-wp-migration\/lib\/vendor\/servmask\/filesystem\/class-ai1wm-directory.php","Line":54}

